<?xml version="1.0" encoding="UTF-8"?>
<!-- Generated by org.testng.reporters.JUnitReportReporter -->
<testsuite hostname="imransk-PC" name="academy.MyCourses" tests="4" failures="0" timestamp="7 Jan 2020 17:51:23 GMT" time="0.272" errors="0">
  <testcase name="myCourseContinue" time="0.085" classname="academy.MyCourses"/>
  <testcase name="myCourseTitle" time="0.069" classname="academy.MyCourses"/>
  <testcase name="myCourseCompletion" time="0.060" classname="academy.MyCourses"/>
  <testcase name="myCourses" time="0.058" classname="academy.MyCourses"/>
</testsuite> <!-- academy.MyCourses -->
