<?xml version="1.0" encoding="UTF-8"?>
<!-- Generated by org.testng.reporters.JUnitReportReporter -->
<testsuite hostname="imransk-PC" name="academy.HomePageScenario2" tests="2" failures="0" timestamp="9 Jan 2020 17:30:43 GMT" time="9.533" errors="0">
  <testcase name="basePageNavigationSc2M1" time="0.049" classname="academy.HomePageScenario2"/>
  <testcase name="basePageNavigationSc2M2" time="9.484" classname="academy.HomePageScenario2"/>
</testsuite> <!-- academy.HomePageScenario2 -->
