<?xml version="1.0" encoding="UTF-8"?>
<!-- Generated by org.testng.reporters.JUnitReportReporter -->
<testsuite hostname="imransk-PC" name="academy.HomePageScenario1" tests="5" failures="0" timestamp="9 Jan 2020 17:30:43 GMT" time="37.709" errors="0">
  <testcase name="basePageNavigationSc1M1" time="0.082" classname="academy.HomePageScenario1"/>
  <testcase name="basePageNavigationSc1M2" time="0.045" classname="academy.HomePageScenario1"/>
  <testcase name="basePageNavigationSc1M3" time="6.089" classname="academy.HomePageScenario1"/>
  <testcase name="basePageNavigationSc1M3" time="20.159" classname="academy.HomePageScenario1"/>
  <testcase name="basePageNavigationSc1M3" time="11.334" classname="academy.HomePageScenario1"/>
</testsuite> <!-- academy.HomePageScenario1 -->
