<?xml version="1.0" encoding="UTF-8"?>
<!-- Generated by org.testng.reporters.JUnitReportReporter -->
<testsuite hostname="imransk-PC" name="academy.HomePage" tests="4" failures="0" timestamp="8 Jan 2020 10:47:19 GMT" time="23.237" errors="0">
  <testcase name="basePageNavigation2" time="0.029" classname="academy.HomePage"/>
  <testcase name="basePageNavigation1" time="0.080" classname="academy.HomePage"/>
  <testcase name="basePageNavigation3" time="8.923" classname="academy.HomePage"/>
  <testcase name="basePageNavigation3" time="14.205" classname="academy.HomePage"/>
</testsuite> <!-- academy.HomePage -->
