<?xml version="1.0" encoding="UTF-8"?>
<!-- Generated by org.testng.reporters.JUnitReportReporter -->
<testsuite hostname="imransk-PC" name="academy.HomePageScenario1" tests="5" failures="0" timestamp="9 Jan 2020 15:56:37 GMT" time="43.923" errors="0">
  <testcase name="basePageNavigationSc1M3" time="24.034" classname="academy.HomePageScenario1"/>
  <testcase name="basePageNavigationSc1M1" time="0.137" classname="academy.HomePageScenario1"/>
  <testcase name="basePageNavigationSc1M2" time="0.030" classname="academy.HomePageScenario1"/>
  <testcase name="basePageNavigationSc1M3" time="12.981" classname="academy.HomePageScenario1"/>
  <testcase name="basePageNavigationSc1M3" time="6.741" classname="academy.HomePageScenario1"/>
</testsuite> <!-- academy.HomePageScenario1 -->
